-- The C compiler identification is GNU 13.3.0
-- The CXX compiler identification is GNU 13.3.0
-- Detecting C compiler ABI info
-- Detecting C compiler ABI info - done
-- Check for working C compiler: /usr/bin/cc - skipped
-- Detecting C compile features
-- Detecting C compile features - done
-- Detecting CXX compiler ABI info
-- Detecting CXX compiler ABI info - done
-- Check for working CXX compiler: /usr/bin/c++ - skipped
-- Detecting CXX compile features
-- Detecting CXX compile features - done
-- Found ament_cmake: 2.5.6 (/opt/ros/jazzy/share/ament_cmake/cmake)
-- Found Python3: /usr/bin/python3 (found version "3.12.3") found components: Interpreter 
-- Found ament_lint_auto: 0.17.5 (/opt/ros/jazzy/share/ament_lint_auto/cmake)
-- Added test 'cppcheck' to perform static code analysis on C / C++ code
-- Configured cppcheck include dirs: $<BUILD_INTERFACE:/home/pushkar/outdoor-autonomous-robot/ros2_ws/src/outdoor_robot/include>
-- Configured cppcheck exclude dirs and/or files: 
-- Added test 'lint_cmake' to check CMake code style
-- Added test 'uncrustify' to check C / C++ code style
-- Configured uncrustify additional arguments: 
-- Added test 'xmllint' to check XML markup files
-- Configuring done (0.6s)
-- Generating done (0.0s)
-- Build files have been written to: /home/pushkar/outdoor-autonomous-robot/ros2_ws/build/outdoor_robot
[ 50%] [32mBuilding CXX object CMakeFiles/robot_node.dir/src/robot_node.cpp.o[0m
[100%] [32m[1mLinking CXX executable robot_node[0m
[100%] Built target robot_node
-- Install configuration: ""
-- Installing: /home/pushkar/outdoor-autonomous-robot/ros2_ws/install/outdoor_robot/lib/outdoor_robot/robot_node
-- Installing: /home/pushkar/outdoor-autonomous-robot/ros2_ws/install/outdoor_robot/share/ament_index/resource_index/package_run_dependencies/outdoor_robot
-- Installing: /home/pushkar/outdoor-autonomous-robot/ros2_ws/install/outdoor_robot/share/ament_index/resource_index/parent_prefix_path/outdoor_robot
-- Installing: /home/pushkar/outdoor-autonomous-robot/ros2_ws/install/outdoor_robot/share/outdoor_robot/environment/ament_prefix_path.sh
-- Installing: /home/pushkar/outdoor-autonomous-robot/ros2_ws/install/outdoor_robot/share/outdoor_robot/environment/ament_prefix_path.dsv
-- Installing: /home/pushkar/outdoor-autonomous-robot/ros2_ws/install/outdoor_robot/share/outdoor_robot/environment/path.sh
-- Installing: /home/pushkar/outdoor-autonomous-robot/ros2_ws/install/outdoor_robot/share/outdoor_robot/environment/path.dsv
-- Installing: /home/pushkar/outdoor-autonomous-robot/ros2_ws/install/outdoor_robot/share/outdoor_robot/local_setup.bash
-- Installing: /home/pushkar/outdoor-autonomous-robot/ros2_ws/install/outdoor_robot/share/outdoor_robot/local_setup.sh
-- Installing: /home/pushkar/outdoor-autonomous-robot/ros2_ws/install/outdoor_robot/share/outdoor_robot/local_setup.zsh
-- Installing: /home/pushkar/outdoor-autonomous-robot/ros2_ws/install/outdoor_robot/share/outdoor_robot/local_setup.dsv
-- Installing: /home/pushkar/outdoor-autonomous-robot/ros2_ws/install/outdoor_robot/share/outdoor_robot/package.dsv
-- Installing: /home/pushkar/outdoor-autonomous-robot/ros2_ws/install/outdoor_robot/share/ament_index/resource_index/packages/outdoor_robot
-- Installing: /home/pushkar/outdoor-autonomous-robot/ros2_ws/install/outdoor_robot/share/outdoor_robot/cmake/outdoor_robotConfig.cmake
-- Installing: /home/pushkar/outdoor-autonomous-robot/ros2_ws/install/outdoor_robot/share/outdoor_robot/cmake/outdoor_robotConfig-version.cmake
-- Installing: /home/pushkar/outdoor-autonomous-robot/ros2_ws/install/outdoor_robot/share/outdoor_robot/package.xml
