[0.092s] DEBUG:colcon:Command line arguments: ['/usr/bin/colcon', 'build']
[0.092s] DEBUG:colcon:Parsed command line arguments: Namespace(log_base=None, log_level=None, verb_name='build', build_base='build', install_base='install', merge_install=False, symlink_install=False, test_result_base=None, continue_on_error=False, executor='parallel', parallel_workers=8, event_handlers=None, ignore_user_meta=False, metas=['./colcon.meta'], base_paths=['.'], packages_ignore=None, packages_ignore_regex=None, paths=None, packages_up_to=None, packages_up_to_regex=None, packages_above=None, packages_above_and_dependencies=None, packages_above_depth=None, packages_select_by_dep=None, packages_skip_by_dep=None, packages_skip_up_to=None, packages_select_build_failed=False, packages_skip_build_finished=False, packages_select_test_failures=False, packages_skip_test_passed=False, packages_select=None, packages_skip=None, packages_select_regex=None, packages_skip_regex=None, packages_start=None, packages_end=None, allow_overriding=[], cmake_args=None, cmake_target=None, cmake_target_skip_unavailable=False, cmake_clean_cache=False, cmake_clean_first=False, cmake_force_configure=False, ament_cmake_args=None, catkin_cmake_args=None, catkin_skip_building_tests=False, verb_parser=<colcon_defaults.argument_parser.defaults.DefaultArgumentsDecorator object at 0x78ecd5598a10>, verb_extension=<colcon_core.verb.build.BuildVerb object at 0x78ecd55984a0>, main=<bound method BuildVerb.main of <colcon_core.verb.build.BuildVerb object at 0x78ecd55984a0>>)
[0.123s] Level 1:colcon.colcon_core.package_discovery:discover_packages(colcon_meta) check parameters
[0.123s] Level 1:colcon.colcon_core.package_discovery:discover_packages(recursive) check parameters
[0.123s] Level 1:colcon.colcon_core.package_discovery:discover_packages(ignore) check parameters
[0.123s] Level 1:colcon.colcon_core.package_discovery:discover_packages(path) check parameters
[0.123s] Level 1:colcon.colcon_core.package_discovery:discover_packages(colcon_meta) discover
[0.123s] Level 1:colcon.colcon_core.package_discovery:discover_packages(recursive) discover
[0.123s] INFO:colcon.colcon_core.package_discovery:Crawling recursively for packages in '/home/pushkar/outdoor-autonomous-robot/ros2_ws'
[0.123s] Level 1:colcon.colcon_core.package_identification:_identify(.) by extensions ['ignore', 'ignore_ament_install']
[0.123s] Level 1:colcon.colcon_core.package_identification:_identify(.) by extension 'ignore'
[0.123s] Level 1:colcon.colcon_core.package_identification:_identify(.) by extension 'ignore_ament_install'
[0.124s] Level 1:colcon.colcon_core.package_identification:_identify(.) by extensions ['colcon_pkg']
[0.124s] Level 1:colcon.colcon_core.package_identification:_identify(.) by extension 'colcon_pkg'
[0.124s] Level 1:colcon.colcon_core.package_identification:_identify(.) by extensions ['colcon_meta']
[0.124s] Level 1:colcon.colcon_core.package_identification:_identify(.) by extension 'colcon_meta'
[0.124s] Level 1:colcon.colcon_core.package_identification:_identify(.) by extensions ['ros']
[0.124s] Level 1:colcon.colcon_core.package_identification:_identify(.) by extension 'ros'
[0.144s] Level 1:colcon.colcon_core.package_identification:_identify(.) by extensions ['cmake', 'python']
[0.144s] Level 1:colcon.colcon_core.package_identification:_identify(.) by extension 'cmake'
[0.144s] Level 1:colcon.colcon_core.package_identification:_identify(.) by extension 'python'
[0.144s] Level 1:colcon.colcon_core.package_identification:_identify(.) by extensions ['python_setup_py']
[0.144s] Level 1:colcon.colcon_core.package_identification:_identify(.) by extension 'python_setup_py'
[0.145s] Level 1:colcon.colcon_core.package_identification:_identify(build) by extensions ['ignore', 'ignore_ament_install']
[0.145s] Level 1:colcon.colcon_core.package_identification:_identify(build) by extension 'ignore'
[0.145s] Level 1:colcon.colcon_core.package_identification:_identify(build) ignored
[0.145s] Level 1:colcon.colcon_core.package_identification:_identify(install) by extensions ['ignore', 'ignore_ament_install']
[0.145s] Level 1:colcon.colcon_core.package_identification:_identify(install) by extension 'ignore'
[0.145s] Level 1:colcon.colcon_core.package_identification:_identify(install) ignored
[0.145s] Level 1:colcon.colcon_core.package_identification:_identify(log) by extensions ['ignore', 'ignore_ament_install']
[0.145s] Level 1:colcon.colcon_core.package_identification:_identify(log) by extension 'ignore'
[0.145s] Level 1:colcon.colcon_core.package_identification:_identify(log) ignored
[0.145s] Level 1:colcon.colcon_core.package_identification:_identify(src) by extensions ['ignore', 'ignore_ament_install']
[0.145s] Level 1:colcon.colcon_core.package_identification:_identify(src) by extension 'ignore'
[0.145s] Level 1:colcon.colcon_core.package_identification:_identify(src) by extension 'ignore_ament_install'
[0.145s] Level 1:colcon.colcon_core.package_identification:_identify(src) by extensions ['colcon_pkg']
[0.145s] Level 1:colcon.colcon_core.package_identification:_identify(src) by extension 'colcon_pkg'
[0.145s] Level 1:colcon.colcon_core.package_identification:_identify(src) by extensions ['colcon_meta']
[0.145s] Level 1:colcon.colcon_core.package_identification:_identify(src) by extension 'colcon_meta'
[0.145s] Level 1:colcon.colcon_core.package_identification:_identify(src) by extensions ['ros']
[0.145s] Level 1:colcon.colcon_core.package_identification:_identify(src) by extension 'ros'
[0.145s] Level 1:colcon.colcon_core.package_identification:_identify(src) by extensions ['cmake', 'python']
[0.145s] Level 1:colcon.colcon_core.package_identification:_identify(src) by extension 'cmake'
[0.146s] Level 1:colcon.colcon_core.package_identification:_identify(src) by extension 'python'
[0.146s] Level 1:colcon.colcon_core.package_identification:_identify(src) by extensions ['python_setup_py']
[0.146s] Level 1:colcon.colcon_core.package_identification:_identify(src) by extension 'python_setup_py'
[0.146s] Level 1:colcon.colcon_core.package_identification:_identify(src/outdoor_robot) by extensions ['ignore', 'ignore_ament_install']
[0.146s] Level 1:colcon.colcon_core.package_identification:_identify(src/outdoor_robot) by extension 'ignore'
[0.146s] Level 1:colcon.colcon_core.package_identification:_identify(src/outdoor_robot) by extension 'ignore_ament_install'
[0.146s] Level 1:colcon.colcon_core.package_identification:_identify(src/outdoor_robot) by extensions ['colcon_pkg']
[0.146s] Level 1:colcon.colcon_core.package_identification:_identify(src/outdoor_robot) by extension 'colcon_pkg'
[0.146s] Level 1:colcon.colcon_core.package_identification:_identify(src/outdoor_robot) by extensions ['colcon_meta']
[0.146s] Level 1:colcon.colcon_core.package_identification:_identify(src/outdoor_robot) by extension 'colcon_meta'
[0.146s] Level 1:colcon.colcon_core.package_identification:_identify(src/outdoor_robot) by extensions ['ros']
[0.146s] Level 1:colcon.colcon_core.package_identification:_identify(src/outdoor_robot) by extension 'ros'
[0.148s] DEBUG:colcon.colcon_core.package_identification:Package 'src/outdoor_robot' with type 'ros.ament_cmake' and name 'outdoor_robot'
[0.148s] Level 1:colcon.colcon_core.package_discovery:discover_packages(recursive) using defaults
[0.148s] Level 1:colcon.colcon_core.package_discovery:discover_packages(ignore) discover
[0.148s] Level 1:colcon.colcon_core.package_discovery:discover_packages(ignore) using defaults
[0.148s] Level 1:colcon.colcon_core.package_discovery:discover_packages(path) discover
[0.148s] Level 1:colcon.colcon_core.package_discovery:discover_packages(path) using defaults
[0.162s] Level 1:colcon.colcon_core.package_discovery:discover_packages(prefix_path) check parameters
[0.162s] Level 1:colcon.colcon_core.package_discovery:discover_packages(prefix_path) discover
[0.163s] DEBUG:colcon.colcon_installed_package_information.package_discovery:Found 3 installed packages in /home/pushkar/microros_ws/install
[0.165s] DEBUG:colcon.colcon_installed_package_information.package_discovery:Found 384 installed packages in /opt/ros/jazzy
[0.166s] Level 1:colcon.colcon_core.package_discovery:discover_packages(prefix_path) using defaults
[0.222s] Level 5:colcon.colcon_core.verb:set package 'outdoor_robot' build argument 'cmake_args' from command line to 'None'
[0.222s] Level 5:colcon.colcon_core.verb:set package 'outdoor_robot' build argument 'cmake_target' from command line to 'None'
[0.222s] Level 5:colcon.colcon_core.verb:set package 'outdoor_robot' build argument 'cmake_target_skip_unavailable' from command line to 'False'
[0.222s] Level 5:colcon.colcon_core.verb:set package 'outdoor_robot' build argument 'cmake_clean_cache' from command line to 'False'
[0.222s] Level 5:colcon.colcon_core.verb:set package 'outdoor_robot' build argument 'cmake_clean_first' from command line to 'False'
[0.222s] Level 5:colcon.colcon_core.verb:set package 'outdoor_robot' build argument 'cmake_force_configure' from command line to 'False'
[0.222s] Level 5:colcon.colcon_core.verb:set package 'outdoor_robot' build argument 'ament_cmake_args' from command line to 'None'
[0.222s] Level 5:colcon.colcon_core.verb:set package 'outdoor_robot' build argument 'catkin_cmake_args' from command line to 'None'
[0.222s] Level 5:colcon.colcon_core.verb:set package 'outdoor_robot' build argument 'catkin_skip_building_tests' from command line to 'False'
[0.222s] DEBUG:colcon.colcon_core.verb:Building package 'outdoor_robot' with the following arguments: {'ament_cmake_args': None, 'build_base': '/home/pushkar/outdoor-autonomous-robot/ros2_ws/build/outdoor_robot', 'catkin_cmake_args': None, 'catkin_skip_building_tests': False, 'cmake_args': None, 'cmake_clean_cache': False, 'cmake_clean_first': False, 'cmake_force_configure': False, 'cmake_target': None, 'cmake_target_skip_unavailable': False, 'install_base': '/home/pushkar/outdoor-autonomous-robot/ros2_ws/install/outdoor_robot', 'merge_install': False, 'path': '/home/pushkar/outdoor-autonomous-robot/ros2_ws/src/outdoor_robot', 'symlink_install': False, 'test_result_base': None}
[0.222s] INFO:colcon.colcon_core.executor:Executing jobs using 'parallel' executor
[0.223s] DEBUG:colcon.colcon_parallel_executor.executor.parallel:run_until_complete
[0.224s] INFO:colcon.colcon_ros.task.ament_cmake.build:Building ROS package in '/home/pushkar/outdoor-autonomous-robot/ros2_ws/src/outdoor_robot' with build type 'ament_cmake'
[0.224s] INFO:colcon.colcon_cmake.task.cmake.build:Building CMake package in '/home/pushkar/outdoor-autonomous-robot/ros2_ws/src/outdoor_robot'
[0.226s] INFO:colcon.colcon_core.plugin_system:Skipping extension 'colcon_core.shell.bat': Not used on non-Windows systems
[0.226s] INFO:colcon.colcon_core.shell:Skip shell extension 'powershell' for command environment: Not usable outside of PowerShell
[0.226s] DEBUG:colcon.colcon_core.shell:Skip shell extension 'dsv' for command environment
[0.236s] DEBUG:colcon.colcon_core.event_handler.log_command:Invoking command in '/home/pushkar/outdoor-autonomous-robot/ros2_ws/build/outdoor_robot': CMAKE_PREFIX_PATH=${CMAKE_PREFIX_PATH}:/opt/ros/jazzy DEBUGINFOD_URLS=https://debuginfod.ubuntu.com VIRTUAL_ENV_PROMPT=(venv) /usr/bin/cmake /home/pushkar/outdoor-autonomous-robot/ros2_ws/src/outdoor_robot -DCMAKE_INSTALL_PREFIX=/home/pushkar/outdoor-autonomous-robot/ros2_ws/install/outdoor_robot
[0.854s] DEBUG:colcon.colcon_core.event_handler.log_command:Invoked command in '/home/pushkar/outdoor-autonomous-robot/ros2_ws/build/outdoor_robot' returned '0': CMAKE_PREFIX_PATH=${CMAKE_PREFIX_PATH}:/opt/ros/jazzy DEBUGINFOD_URLS=https://debuginfod.ubuntu.com VIRTUAL_ENV_PROMPT=(venv) /usr/bin/cmake /home/pushkar/outdoor-autonomous-robot/ros2_ws/src/outdoor_robot -DCMAKE_INSTALL_PREFIX=/home/pushkar/outdoor-autonomous-robot/ros2_ws/install/outdoor_robot
[0.855s] DEBUG:colcon.colcon_core.event_handler.log_command:Invoking command in '/home/pushkar/outdoor-autonomous-robot/ros2_ws/build/outdoor_robot': CMAKE_PREFIX_PATH=${CMAKE_PREFIX_PATH}:/opt/ros/jazzy DEBUGINFOD_URLS=https://debuginfod.ubuntu.com VIRTUAL_ENV_PROMPT=(venv) /usr/bin/cmake --build /home/pushkar/outdoor-autonomous-robot/ros2_ws/build/outdoor_robot -- -j8 -l8
[0.969s] DEBUG:colcon.colcon_core.event_handler.log_command:Invoked command in '/home/pushkar/outdoor-autonomous-robot/ros2_ws/build/outdoor_robot' returned '0': CMAKE_PREFIX_PATH=${CMAKE_PREFIX_PATH}:/opt/ros/jazzy DEBUGINFOD_URLS=https://debuginfod.ubuntu.com VIRTUAL_ENV_PROMPT=(venv) /usr/bin/cmake --build /home/pushkar/outdoor-autonomous-robot/ros2_ws/build/outdoor_robot -- -j8 -l8
[0.977s] DEBUG:colcon.colcon_core.event_handler.log_command:Invoking command in '/home/pushkar/outdoor-autonomous-robot/ros2_ws/build/outdoor_robot': CMAKE_PREFIX_PATH=${CMAKE_PREFIX_PATH}:/opt/ros/jazzy DEBUGINFOD_URLS=https://debuginfod.ubuntu.com VIRTUAL_ENV_PROMPT=(venv) /usr/bin/cmake --install /home/pushkar/outdoor-autonomous-robot/ros2_ws/build/outdoor_robot
[0.986s] Level 1:colcon.colcon_core.environment:create_environment_scripts_only(outdoor_robot)
[0.987s] DEBUG:colcon.colcon_core.event_handler.log_command:Invoked command in '/home/pushkar/outdoor-autonomous-robot/ros2_ws/build/outdoor_robot' returned '0': CMAKE_PREFIX_PATH=${CMAKE_PREFIX_PATH}:/opt/ros/jazzy DEBUGINFOD_URLS=https://debuginfod.ubuntu.com VIRTUAL_ENV_PROMPT=(venv) /usr/bin/cmake --install /home/pushkar/outdoor-autonomous-robot/ros2_ws/build/outdoor_robot
[0.988s] Level 1:colcon.colcon_core.environment:checking '/home/pushkar/outdoor-autonomous-robot/ros2_ws/install/outdoor_robot' for CMake module files
[0.989s] Level 1:colcon.colcon_core.environment:checking '/home/pushkar/outdoor-autonomous-robot/ros2_ws/install/outdoor_robot' for CMake config files
[0.989s] Level 1:colcon.colcon_core.shell:create_environment_hook('outdoor_robot', 'cmake_prefix_path')
[0.989s] INFO:colcon.colcon_core.shell:Creating environment hook '/home/pushkar/outdoor-autonomous-robot/ros2_ws/install/outdoor_robot/share/outdoor_robot/hook/cmake_prefix_path.ps1'
[0.990s] INFO:colcon.colcon_core.shell:Creating environment descriptor '/home/pushkar/outdoor-autonomous-robot/ros2_ws/install/outdoor_robot/share/outdoor_robot/hook/cmake_prefix_path.dsv'
[0.990s] INFO:colcon.colcon_core.shell:Creating environment hook '/home/pushkar/outdoor-autonomous-robot/ros2_ws/install/outdoor_robot/share/outdoor_robot/hook/cmake_prefix_path.sh'
[0.991s] Level 1:colcon.colcon_core.environment:checking '/home/pushkar/outdoor-autonomous-robot/ros2_ws/install/outdoor_robot/lib'
[0.991s] Level 1:colcon.colcon_core.environment:checking '/home/pushkar/outdoor-autonomous-robot/ros2_ws/install/outdoor_robot/bin'
[0.991s] Level 1:colcon.colcon_core.environment:checking '/home/pushkar/outdoor-autonomous-robot/ros2_ws/install/outdoor_robot/lib/pkgconfig/outdoor_robot.pc'
[0.991s] Level 1:colcon.colcon_core.environment:checking '/home/pushkar/outdoor-autonomous-robot/ros2_ws/install/outdoor_robot/lib/python3.12/site-packages'
[0.992s] Level 1:colcon.colcon_core.environment:checking '/home/pushkar/outdoor-autonomous-robot/ros2_ws/install/outdoor_robot/bin'
[0.992s] INFO:colcon.colcon_core.shell:Creating package script '/home/pushkar/outdoor-autonomous-robot/ros2_ws/install/outdoor_robot/share/outdoor_robot/package.ps1'
[0.992s] INFO:colcon.colcon_core.shell:Creating package descriptor '/home/pushkar/outdoor-autonomous-robot/ros2_ws/install/outdoor_robot/share/outdoor_robot/package.dsv'
[0.993s] INFO:colcon.colcon_core.shell:Creating package script '/home/pushkar/outdoor-autonomous-robot/ros2_ws/install/outdoor_robot/share/outdoor_robot/package.sh'
[0.993s] INFO:colcon.colcon_core.shell:Creating package script '/home/pushkar/outdoor-autonomous-robot/ros2_ws/install/outdoor_robot/share/outdoor_robot/package.bash'
[0.994s] INFO:colcon.colcon_core.shell:Creating package script '/home/pushkar/outdoor-autonomous-robot/ros2_ws/install/outdoor_robot/share/outdoor_robot/package.zsh'
[0.994s] Level 1:colcon.colcon_core.environment:create_file_with_runtime_dependencies(/home/pushkar/outdoor-autonomous-robot/ros2_ws/install/outdoor_robot/share/colcon-core/packages/outdoor_robot)
[0.995s] Level 1:colcon.colcon_core.environment:create_environment_scripts_only(outdoor_robot)
[0.995s] Level 1:colcon.colcon_core.environment:checking '/home/pushkar/outdoor-autonomous-robot/ros2_ws/install/outdoor_robot' for CMake module files
[0.995s] Level 1:colcon.colcon_core.environment:checking '/home/pushkar/outdoor-autonomous-robot/ros2_ws/install/outdoor_robot' for CMake config files
[0.995s] Level 1:colcon.colcon_core.shell:create_environment_hook('outdoor_robot', 'cmake_prefix_path')
[0.995s] INFO:colcon.colcon_core.shell:Creating environment hook '/home/pushkar/outdoor-autonomous-robot/ros2_ws/install/outdoor_robot/share/outdoor_robot/hook/cmake_prefix_path.ps1'
[0.996s] INFO:colcon.colcon_core.shell:Creating environment descriptor '/home/pushkar/outdoor-autonomous-robot/ros2_ws/install/outdoor_robot/share/outdoor_robot/hook/cmake_prefix_path.dsv'
[0.996s] INFO:colcon.colcon_core.shell:Creating environment hook '/home/pushkar/outdoor-autonomous-robot/ros2_ws/install/outdoor_robot/share/outdoor_robot/hook/cmake_prefix_path.sh'
[0.996s] Level 1:colcon.colcon_core.environment:checking '/home/pushkar/outdoor-autonomous-robot/ros2_ws/install/outdoor_robot/lib'
[0.996s] Level 1:colcon.colcon_core.environment:checking '/home/pushkar/outdoor-autonomous-robot/ros2_ws/install/outdoor_robot/bin'
[0.996s] Level 1:colcon.colcon_core.environment:checking '/home/pushkar/outdoor-autonomous-robot/ros2_ws/install/outdoor_robot/lib/pkgconfig/outdoor_robot.pc'
[0.997s] Level 1:colcon.colcon_core.environment:checking '/home/pushkar/outdoor-autonomous-robot/ros2_ws/install/outdoor_robot/lib/python3.12/site-packages'
[0.997s] Level 1:colcon.colcon_core.environment:checking '/home/pushkar/outdoor-autonomous-robot/ros2_ws/install/outdoor_robot/bin'
[0.997s] INFO:colcon.colcon_core.shell:Creating package script '/home/pushkar/outdoor-autonomous-robot/ros2_ws/install/outdoor_robot/share/outdoor_robot/package.ps1'
[0.998s] INFO:colcon.colcon_core.shell:Creating package descriptor '/home/pushkar/outdoor-autonomous-robot/ros2_ws/install/outdoor_robot/share/outdoor_robot/package.dsv'
[0.998s] INFO:colcon.colcon_core.shell:Creating package script '/home/pushkar/outdoor-autonomous-robot/ros2_ws/install/outdoor_robot/share/outdoor_robot/package.sh'
[0.998s] INFO:colcon.colcon_core.shell:Creating package script '/home/pushkar/outdoor-autonomous-robot/ros2_ws/install/outdoor_robot/share/outdoor_robot/package.bash'
[0.999s] INFO:colcon.colcon_core.shell:Creating package script '/home/pushkar/outdoor-autonomous-robot/ros2_ws/install/outdoor_robot/share/outdoor_robot/package.zsh'
[0.999s] Level 1:colcon.colcon_core.environment:create_file_with_runtime_dependencies(/home/pushkar/outdoor-autonomous-robot/ros2_ws/install/outdoor_robot/share/colcon-core/packages/outdoor_robot)
[0.999s] DEBUG:colcon.colcon_parallel_executor.executor.parallel:closing loop
[1.000s] DEBUG:colcon.colcon_parallel_executor.executor.parallel:loop closed
[1.000s] DEBUG:colcon.colcon_parallel_executor.executor.parallel:run_until_complete finished with '0'
[1.000s] DEBUG:colcon.colcon_core.event_reactor:joining thread
[1.000s] DEBUG:colcon.colcon_core.event_reactor:joined thread
[1.000s] INFO:colcon.colcon_core.shell:Creating prefix script '/home/pushkar/outdoor-autonomous-robot/ros2_ws/install/local_setup.ps1'
[1.001s] INFO:colcon.colcon_core.shell:Creating prefix util module '/home/pushkar/outdoor-autonomous-robot/ros2_ws/install/_local_setup_util_ps1.py'
[1.002s] INFO:colcon.colcon_core.shell:Creating prefix chain script '/home/pushkar/outdoor-autonomous-robot/ros2_ws/install/setup.ps1'
[1.002s] INFO:colcon.colcon_core.shell:Creating prefix script '/home/pushkar/outdoor-autonomous-robot/ros2_ws/install/local_setup.sh'
[1.003s] INFO:colcon.colcon_core.shell:Creating prefix util module '/home/pushkar/outdoor-autonomous-robot/ros2_ws/install/_local_setup_util_sh.py'
[1.003s] INFO:colcon.colcon_core.shell:Creating prefix chain script '/home/pushkar/outdoor-autonomous-robot/ros2_ws/install/setup.sh'
[1.004s] INFO:colcon.colcon_core.shell:Creating prefix script '/home/pushkar/outdoor-autonomous-robot/ros2_ws/install/local_setup.bash'
[1.004s] INFO:colcon.colcon_core.shell:Creating prefix chain script '/home/pushkar/outdoor-autonomous-robot/ros2_ws/install/setup.bash'
[1.005s] INFO:colcon.colcon_core.shell:Creating prefix script '/home/pushkar/outdoor-autonomous-robot/ros2_ws/install/local_setup.zsh'
[1.005s] INFO:colcon.colcon_core.shell:Creating prefix chain script '/home/pushkar/outdoor-autonomous-robot/ros2_ws/install/setup.zsh'
